<?xml version="1.0" encoding="UTF-8"?>
<!-- Generated by org.testng.reporters.JUnitReportReporter -->
<testsuite hostname="LAPTOP-2TJBEIAD" failures="0" tests="1" name="test_package.fill_the_form_test" time="11.033" errors="0" timestamp="2024-03-28T06:58:42 IST" skipped="0">
  <testcase classname="test_package.fill_the_form_test" name="Test1" time="11.033"/>
  <system-out/>
</testsuite> <!-- test_package.fill_the_form_test -->
